Terminals unused in grammar

   COMMENT
   LET
   IN
   MAX
   MIN
   NEG


State 22 conflicts: 4 shift/reduce


Grammar

    0 $accept: PROGRAM $end

    1 PROGRAM: PROGRAM LINE ';'
    2        | LINE ';'

    3 LINE: ID_F ARGS '=' EXP

    4 ARGS: ARGS ARGEXP
    5     | ARGEXP

    6 ARGEXP: ID
    7       | INT_NUM
    8       | DOUBLE_NUM

    9 EXP: EXP '+' EXP
   10    | EXP '-' EXP
   11    | EXP '*' EXP
   12    | EXP '/' EXP
   13    | INT_NUM
   14    | DOUBLE_NUM
   15    | ID_F ARGS_F
   16    | ID
   17    | '(' EXP ')'

   18 ARGS_F: ARGS_F EXP
   19       | EXP


Terminals, with rules where they appear

$end (0) 0
'(' (40) 17
')' (41) 17
'*' (42) 11
'+' (43) 9
'-' (45) 10
'/' (47) 12
';' (59) 1 2
'=' (61) 3
error (256)
INT_NUM (258) 7 13
DOUBLE_NUM (259) 8 14
ID (260) 6 16
COMMENT (261)
ID_F (262) 3 15
LET (263)
IN (264)
MAX (265)
MIN (266)
NEG (267)
"func" (268)
"func2" (269)
"func1" (270)


Nonterminals, with rules where they appear

$accept (24)
    on left: 0
PROGRAM (25)
    on left: 1 2, on right: 0 1
LINE (26)
    on left: 3, on right: 1 2
ARGS (27)
    on left: 4 5, on right: 3 4
ARGEXP (28)
    on left: 6 7 8, on right: 4 5
EXP (29)
    on left: 9 10 11 12 13 14 15 16 17, on right: 3 9 10 11 12 17 18
    19
ARGS_F (30)
    on left: 18 19, on right: 15 18


State 0

    0 $accept: . PROGRAM $end

    ID_F  shift, and go to state 1

    PROGRAM  go to state 2
    LINE     go to state 3


State 1

    3 LINE: ID_F . ARGS '=' EXP

    INT_NUM     shift, and go to state 4
    DOUBLE_NUM  shift, and go to state 5
    ID          shift, and go to state 6

    ARGS    go to state 7
    ARGEXP  go to state 8


State 2

    0 $accept: PROGRAM . $end
    1 PROGRAM: PROGRAM . LINE ';'

    $end  shift, and go to state 9
    ID_F  shift, and go to state 1

    LINE  go to state 10


State 3

    2 PROGRAM: LINE . ';'

    ';'  shift, and go to state 11


State 4

    7 ARGEXP: INT_NUM .

    $default  reduce using rule 7 (ARGEXP)


State 5

    8 ARGEXP: DOUBLE_NUM .

    $default  reduce using rule 8 (ARGEXP)


State 6

    6 ARGEXP: ID .

    $default  reduce using rule 6 (ARGEXP)


State 7

    3 LINE: ID_F ARGS . '=' EXP
    4 ARGS: ARGS . ARGEXP

    INT_NUM     shift, and go to state 4
    DOUBLE_NUM  shift, and go to state 5
    ID          shift, and go to state 6
    '='         shift, and go to state 12

    ARGEXP  go to state 13


State 8

    5 ARGS: ARGEXP .

    $default  reduce using rule 5 (ARGS)


State 9

    0 $accept: PROGRAM $end .

    $default  accept


State 10

    1 PROGRAM: PROGRAM LINE . ';'

    ';'  shift, and go to state 14


State 11

    2 PROGRAM: LINE ';' .

    $default  reduce using rule 2 (PROGRAM)


State 12

    3 LINE: ID_F ARGS '=' . EXP

    INT_NUM     shift, and go to state 15
    DOUBLE_NUM  shift, and go to state 16
    ID          shift, and go to state 17
    ID_F        shift, and go to state 18
    '('         shift, and go to state 19

    EXP  go to state 20


State 13

    4 ARGS: ARGS ARGEXP .

    $default  reduce using rule 4 (ARGS)


State 14

    1 PROGRAM: PROGRAM LINE ';' .

    $default  reduce using rule 1 (PROGRAM)


State 15

   13 EXP: INT_NUM .

    $default  reduce using rule 13 (EXP)


State 16

   14 EXP: DOUBLE_NUM .

    $default  reduce using rule 14 (EXP)


State 17

   16 EXP: ID .

    $default  reduce using rule 16 (EXP)


State 18

   15 EXP: ID_F . ARGS_F

    INT_NUM     shift, and go to state 15
    DOUBLE_NUM  shift, and go to state 16
    ID          shift, and go to state 17
    ID_F        shift, and go to state 18
    '('         shift, and go to state 19

    EXP     go to state 21
    ARGS_F  go to state 22


State 19

   17 EXP: '(' . EXP ')'

    INT_NUM     shift, and go to state 15
    DOUBLE_NUM  shift, and go to state 16
    ID          shift, and go to state 17
    ID_F        shift, and go to state 18
    '('         shift, and go to state 19

    EXP  go to state 23


State 20

    3 LINE: ID_F ARGS '=' EXP .
    9 EXP: EXP . '+' EXP
   10    | EXP . '-' EXP
   11    | EXP . '*' EXP
   12    | EXP . '/' EXP

    '+'  shift, and go to state 24
    '-'  shift, and go to state 25
    '*'  shift, and go to state 26
    '/'  shift, and go to state 27

    $default  reduce using rule 3 (LINE)


State 21

    9 EXP: EXP . '+' EXP
   10    | EXP . '-' EXP
   11    | EXP . '*' EXP
   12    | EXP . '/' EXP
   19 ARGS_F: EXP .

    $default  reduce using rule 19 (ARGS_F)


State 22

   15 EXP: ID_F ARGS_F .
   18 ARGS_F: ARGS_F . EXP

    INT_NUM     shift, and go to state 15
    DOUBLE_NUM  shift, and go to state 16
    ID          shift, and go to state 17
    ID_F        shift, and go to state 18

    INT_NUM     [reduce using rule 15 (EXP)]
    DOUBLE_NUM  [reduce using rule 15 (EXP)]
    ID          [reduce using rule 15 (EXP)]
    ID_F        [reduce using rule 15 (EXP)]
    $default    reduce using rule 15 (EXP)

    EXP  go to state 28


State 23

    9 EXP: EXP . '+' EXP
   10    | EXP . '-' EXP
   11    | EXP . '*' EXP
   12    | EXP . '/' EXP
   17    | '(' EXP . ')'

    '+'  shift, and go to state 24
    '-'  shift, and go to state 25
    '*'  shift, and go to state 26
    '/'  shift, and go to state 27
    ')'  shift, and go to state 29


State 24

    9 EXP: EXP '+' . EXP

    INT_NUM     shift, and go to state 15
    DOUBLE_NUM  shift, and go to state 16
    ID          shift, and go to state 17
    ID_F        shift, and go to state 18
    '('         shift, and go to state 19

    EXP  go to state 30


State 25

   10 EXP: EXP '-' . EXP

    INT_NUM     shift, and go to state 15
    DOUBLE_NUM  shift, and go to state 16
    ID          shift, and go to state 17
    ID_F        shift, and go to state 18
    '('         shift, and go to state 19

    EXP  go to state 31


State 26

   11 EXP: EXP '*' . EXP

    INT_NUM     shift, and go to state 15
    DOUBLE_NUM  shift, and go to state 16
    ID          shift, and go to state 17
    ID_F        shift, and go to state 18
    '('         shift, and go to state 19

    EXP  go to state 32


State 27

   12 EXP: EXP '/' . EXP

    INT_NUM     shift, and go to state 15
    DOUBLE_NUM  shift, and go to state 16
    ID          shift, and go to state 17
    ID_F        shift, and go to state 18
    '('         shift, and go to state 19

    EXP  go to state 33


State 28

    9 EXP: EXP . '+' EXP
   10    | EXP . '-' EXP
   11    | EXP . '*' EXP
   12    | EXP . '/' EXP
   18 ARGS_F: ARGS_F EXP .

    $default  reduce using rule 18 (ARGS_F)


State 29

   17 EXP: '(' EXP ')' .

    $default  reduce using rule 17 (EXP)


State 30

    9 EXP: EXP . '+' EXP
    9    | EXP '+' EXP .
   10    | EXP . '-' EXP
   11    | EXP . '*' EXP
   12    | EXP . '/' EXP

    '*'  shift, and go to state 26
    '/'  shift, and go to state 27

    $default  reduce using rule 9 (EXP)


State 31

    9 EXP: EXP . '+' EXP
   10    | EXP . '-' EXP
   10    | EXP '-' EXP .
   11    | EXP . '*' EXP
   12    | EXP . '/' EXP

    '*'  shift, and go to state 26
    '/'  shift, and go to state 27

    $default  reduce using rule 10 (EXP)


State 32

    9 EXP: EXP . '+' EXP
   10    | EXP . '-' EXP
   11    | EXP . '*' EXP
   11    | EXP '*' EXP .
   12    | EXP . '/' EXP

    '/'  shift, and go to state 27

    $default  reduce using rule 11 (EXP)


State 33

    9 EXP: EXP . '+' EXP
   10    | EXP . '-' EXP
   11    | EXP . '*' EXP
   12    | EXP . '/' EXP
   12    | EXP '/' EXP .

    $default  reduce using rule 12 (EXP)
